2020-07-22 16:55:25,987 - root - runtest.py - INFO - ********TEST START********

2020-07-22 16:55:26,844 - root - testToken.py - INFO - ['/platform/openapi/svdb/token', {'code': 0, 'msg': ' (Req-Id:14719d98-11e3-bf87-f2d5-6bfb07985913)', 'data': 'LxOryZHQ9g'}]
2020-07-22 16:55:27,224 - root - testCount.py - ERROR - ['/platform/openapi/svdb/token/count', AssertionError('-503106 != 0')]
Traceback (most recent call last):
  File "/var/jenkins_home/workspace/开放平台接口自动化测试/OpenApi_test/test_case/testCount.py", line 63, in checkResult
    self.assertEqual(self.info['code'], self.code)
  File "/var/jenkins_home/python3/lib/python3.7/unittest/case.py", line 852, in assertEqual
    assertion_func(first, second, msg=msg)
  File "/var/jenkins_home/python3/lib/python3.7/unittest/case.py", line 845, in _baseAssertEqual
    raise self.failureException(msg)
AssertionError: -503106 != 0
2020-07-22 16:55:27,823 - root - testMerkle.py - INFO - ['/platform/openapi/svdb/BSV/merkle', {'code': 0, 'msg': ' (Req-Id:d4b0d204-4cc6-cfdd-9d52-1a4dc387407c)', 'data': {'blockhash': '000000000000003887df1f29024b06fc2200b55f8af8f35453d7be294df2d214', 'flags': 'ff0100', 'hashes': ['7ae2ab185a6e501753f6e29e5b6a98ba040098acb7c11ffed9430f22ed5263a3', 'cf2a9a7d357a90dc1aad8740f45c60f5f6b878c198153be197a76486382546d2', '95843caf747674b117111bd850ffdf8ae2b0297618d7cd5227c65ff11978c15e', 'c96833b5711cdcd1c615b1b037618bbd8f9cea57d147768e94b2e32a190dba6b', '637f452dbceaca1f184ebc385ac675d40e0fc2cca1d5cafa9a908ce3b62e9290', '5a0bc3772c7510405781b4856085eb9f2f3ccfa5a7c67830f7b6d64d15a056b1', 'b1918268ba355b551fee2e55292f48292a2b7ff8bbc951a7acb6db97d8223765', 'e4eaecd1de4594749a816042d7d80d66c64d5b801f0830e726874aab8345233a', 'e64e32e120aced23171e71f99b56bcea3d24e5d18a475792fbe3d41cebb31c76'], 'txs': 156}}]
2020-07-22 16:55:28,109 - root - testBlockHeader.py - INFO - ['/platform/openapi/svdb/BSV/raw/hash/blockheader', {'code': 0, 'msg': ' (Req-Id:5953e61b-f3c8-f30d-2c18-c8cf3a4bff40)', 'data': '000040204a5c87042113b98a6e30c65b3a6310918cec2475e01cfa000000000000000000f2c612892e48701964c93ca2b3534074b87584f5169f6f27c7205e710deb5fbbfeb80e5f8f66031827938a61'}]
2020-07-22 16:55:28,484 - root - testTransaction.py - INFO - ['/platform/openapi/svdb/BSV/merkle', {'code': 0, 'msg': ' (Req-Id:433d4965-d5f9-ca16-39d4-4424c18d0ab4)', 'data': {'blockhash': '000000000000000003a883e68569f3cefb4c642552a1209c137c37d0f8e039a7', 'flags': 'bb1b00', 'hashes': ['fe55591abd171301748111fe6ddb6a1d70c5376af5bcacea579645f6017f57bb', '4b9f7f139f6b69249823f369ee7bc2992775577ef52448e0d1f45b32fd457a45', 'da13c42464f0477dbd34b67dec71cc6d9124b653b213d502a60644a614262579', '79220cd658ba36ecf0aa9eb00537c688917c5f6f61414cf3eebeaa5c5037f9a9', 'e97bf88973e0d07d346c90f9ab7ea32dd58981751dea86a7fca9ffc0f408fada', '905b73688c7d0f1a9e1e7772e16bbdfce2c1070aeb2967a0ce885beece7c94b0', '57c10ecb79d0d3f24111175a16375c57371d84fde0e308134d17cdeebb4abfdb', '0ecaaa15dc5aa95d6d4773c653511e9fc1e13cd9407fd59cbb076808d77c5132', 'c34cb2e207ea36e82ce8cc75e91b7a363b9011481b6870a69adc2b5fe874a905', 'f9e28bcbdec2e6c6ba618be8c5d290a9002deacac6d5aceda59059fe3ef1e73b'], 'txs': 359}}]
2020-07-22 16:55:28,810 - root - testInfo.py - INFO - ['/platform/openapi/svdb/BSV/address/info', {'code': 0, 'msg': ' (Req-Id:43d760b3-5d31-4a64-53ac-e2a400ae777a)', 'data': {'balance': 0, 'transactions': 2}}]
2020-07-22 16:55:29,149 - root - testUtxo.py - INFO - ['/platform/openapi/svdb/BSV/address/utxo', {'code': 0, 'msg': ' (Req-Id:1bd0fb7e-acce-cf0c-9599-2d483b1a6ba8)', 'data': None}]
2020-07-22 16:55:29,451 - root - testInventory.py - INFO - ['/platform/openapi/svdb/BSV/address/inventory', {'code': 0, 'msg': ' (Req-Id:26f79d7a-4f52-101a-1549-835205e39cac)', 'data': [{'height': 642909, 'txid': 'd9444bf1b57f738141b247b12394ecc502e4f96c25910a8890ab0d1a9b772431', 'value': 344773}]}]
2020-07-22 16:55:29,754 - root - testHash.py - INFO - ['/platform/openapi/svdb/BSV/block/hash', {'code': 0, 'msg': ' (Req-Id:42e1e1f4-ddea-f633-95a6-529ac18c4a34)', 'data': {'hash': '000000000000000000ceac4238c38cd7f7e9de06666ebd7b68345eb5f2147a2e', 'height': 643772, 'hex_coinbase': '03bcd2090412b90e5f485a2f48756f42692ffabe6d6d1b25a9c19feaf60a26c24d01cde076f0268ecea96286b3b3ed44de2fbd4727480200000090fed2180b0016714d60010000000000', 'reward': 625244891, 'size': 478511, 'timestamp': 1594800382, 'transaction_count': 1052}}]
2020-07-22 16:55:30,050 - root - testHeight.py - INFO - ['/platform/openapi/svdb/BSV/block/height', {'code': 0, 'msg': ' (Req-Id:3db1ad67-398e-ab5a-3314-134760c426d4)', 'data': {'hash': '000000000000000000ceac4238c38cd7f7e9de06666ebd7b68345eb5f2147a2e', 'height': 643772, 'hex_coinbase': '03bcd2090412b90e5f485a2f48756f42692ffabe6d6d1b25a9c19feaf60a26c24d01cde076f0268ecea96286b3b3ed44de2fbd4727480200000090fed2180b0016714d60010000000000', 'reward': 625244891, 'size': 478511, 'timestamp': 1594800382, 'transaction_count': 1052}}]
2020-07-22 16:55:30,373 - root - testHeights.py - INFO - ['/platform/openapi/svdb/BSV/blocks/height', {'code': 0, 'msg': ' (Req-Id:21ad8bf9-5ec5-486f-30e4-a4761bf66c4f)', 'data': [{'hash': '000000000000000000728e3bc8a2c1ad7247b46564941aad471a89f77dad8550', 'height': 644767, 'hex_coinbase': '039fd6092f7461616c2e636f6d2f506c656173652070617920302e3520736174732f627974652c20696e666f407461616c2e636f6d7c326893068614a60da10000', 'reward': 626797387, 'size': 3107823, 'timestamp': 1595406286, 'transaction_count': 14185}, {'hash': '000000000000000000e3b3b784970f7125030e4f9cb7b42cb5e2cb927ea186fe', 'height': 644766, 'hex_coinbase': '039ed6090457f2175f2f6e61727768616c652f0101f41eee6d000000000000', 'reward': 625672889, 'size': 1602462, 'timestamp': 1595404025, 'transaction_count': 6544}]}]
2020-07-22 16:55:30,670 - root - testTransaction_block.py - INFO - ['/platform/openapi/svdb/BSV/block/transaction', {'code': 0, 'msg': ' (Req-Id:15b84b4a-c491-20d8-51f9-d20582dd9c60)', 'data': ['8315575ed0e96acf2cfac51359b2f93537b1396614bffdab6663aa2bcca7ebac', 'bb6b587317bd9050940ca0bfba3362ca2c84ccb738f09c1f2b0e37aa55a407d7', '10e9559df20f1486560e270a6d314d6a9515bdd2e600a60c93d7a1ec5f0a4f8c', '0eef9307bde0f59f95c6beb4a4bc2f932396d72930737bb884c61bd247cd790e', 'ade3f9f1d047f0f2111f936577fbe4068c188676131e34ea38fa56756904e9e5']}]
2020-07-22 16:55:31,059 - root - testInfo_chain.py - INFO - ['/platform/openapi/svdb/BSV/chain/info', {'code': 0, 'msg': ' (Req-Id:a6e12192-10d8-6f45-50eb-a1e73413fd9c)', 'data': {'bestblock': 644768, 'bestfeerate': {'feebyte': 1, 'feesatoshi': 1}, 'diffculty': 305603834553.2358, 'hashes_per_sec': 2092539.9193620454, 'unconfirm_tx_count': 16487}}]
2020-07-22 16:55:31,060 - root - runtest.py - INFO - *********TEST END*********
